2025-02-02 18:56:16,165 - ERROR - Unexpected error extracting text from PDF: [Errno 2] No such file or directory: 'temp.pdf'
2025-02-02 18:56:16,165 - ERROR - Client error: Internal server error while extracting text from PDF.
2025-02-02 18:56:20,827 - ERROR - Unexpected error extracting text from PDF: [Errno 2] No such file or directory: 'temp.pdf'
2025-02-02 18:56:20,827 - ERROR - Client error: Internal server error while extracting text from PDF.
2025-02-02 18:56:54,442 - ERROR - Unexpected error extracting text from PDF: [Errno 2] No such file or directory: 'temp.pdf'
2025-02-02 18:56:54,442 - ERROR - Client error: Internal server error while extracting text from PDF.
2025-02-02 18:56:55,474 - ERROR - Unexpected error extracting text from PDF: [Errno 2] No such file or directory: 'temp.pdf'
2025-02-02 18:56:55,474 - ERROR - Client error: Internal server error while extracting text from PDF.
2025-02-02 18:57:01,743 - ERROR - Unexpected error extracting text from PDF: [Errno 2] No such file or directory: 'temp.pdf'
2025-02-02 18:57:01,743 - ERROR - Client error: Internal server error while extracting text from PDF.
2025-02-02 18:57:50,165 - ERROR - Unexpected error extracting text from PDF: [Errno 2] No such file or directory: 'temp.pdf'
2025-02-02 18:57:50,166 - ERROR - Client error: Internal server error while extracting text from PDF.
2025-02-02 18:57:51,010 - ERROR - Unexpected error extracting text from PDF: [Errno 2] No such file or directory: 'temp.pdf'
2025-02-02 18:57:51,010 - ERROR - Client error: Internal server error while extracting text from PDF.
2025-02-02 18:57:53,696 - ERROR - Unexpected error extracting text from PDF: [Errno 2] No such file or directory: 'temp.pdf'
2025-02-02 18:57:53,696 - ERROR - Client error: Internal server error while extracting text from PDF.
2025-02-02 18:59:08,118 - INFO - Removing temporary PDF file: temp.pdf
2025-02-02 18:59:08,119 - ERROR - Unexpected error extracting text from PDF: [Errno 2] No such file or directory: 'temp.pdf'
2025-02-02 18:59:08,119 - ERROR - Client error: Internal server error while extracting text from PDF.
2025-02-02 19:00:22,198 - INFO - Temporary file temp.pdf deleted successfully.
2025-02-02 19:00:22,198 - ERROR - Unexpected error extracting text from PDF: [Errno 2] No such file or directory: 'temp.pdf'
2025-02-02 19:00:22,198 - ERROR - Client error: Internal server error while extracting text from PDF.
2025-02-02 19:00:36,308 - INFO - Temporary file temp.pdf deleted successfully.
2025-02-02 19:00:36,308 - ERROR - Unexpected error extracting text from PDF: [Errno 2] No such file or directory: 'temp.pdf'
2025-02-02 19:00:36,309 - ERROR - Client error: Internal server error while extracting text from PDF.
2025-02-02 19:01:34,390 - WARNING - Temporary file temp.pdf not found, skipping deletion.
2025-02-02 19:02:53,162 - WARNING - Temporary file temp.pdf not found, skipping deletion.
2025-02-02 19:04:31,205 - INFO - False
2025-02-02 19:04:31,206 - WARNING - Temporary file temp.pdf not found, skipping deletion.
2025-02-02 19:04:34,996 - INFO - False
2025-02-02 19:04:34,997 - WARNING - Temporary file temp.pdf not found, skipping deletion.
2025-02-02 19:05:26,282 - INFO - False
2025-02-02 19:05:26,282 - WARNING - Temporary file temp.pdf not found, skipping deletion.
2025-02-02 19:05:27,058 - INFO - False
2025-02-02 19:05:27,058 - WARNING - Temporary file temp.pdf not found, skipping deletion.
